-------------------------------------------------------------------------------
Test set: com.Domain.UserSys.UserManagerTest
-------------------------------------------------------------------------------
Tests run: 1, Failures: 1, Errors: 0, Skipped: 0, Time elapsed: 0.002 s <<< FAILURE! - in com.Domain.UserSys.UserManagerTest
warning(junit.framework.TestSuite$1)  Time elapsed: 0.001 s  <<< FAILURE!
junit.framework.AssertionFailedError: No tests found in com.Domain.UserSys.UserManagerTest
	at junit.framework.TestSuite$1.runTest(TestSuite.java:97)

